This is pdfTeX, Version 3.14159265-2.6-1.40.16 (MiKTeX 2.9) (preloaded format=pdflatex 2016.9.25)  14 DEC 2016 13:52
entering extended mode
**./BOCETO3.tex
(BOCETO3.tex
LaTeX2e <2015/10/01> patch level 2
Babel <3.9n> and hyphenation patterns for 69 languages loaded.
("C:\Users\hp\AppData\Local\Programs\MiKTeX 2.9\tex\latex\base\article.cls"
Document Class: article 2014/09/29 v1.4h Standard LaTeX document class
("C:\Users\hp\AppData\Local\Programs\MiKTeX 2.9\tex\latex\base\size12.clo"
File: size12.clo 2014/09/29 v1.4h Standard LaTeX file (size option)
)
\c@part=\count79
\c@section=\count80
\c@subsection=\count81
\c@subsubsection=\count82
\c@paragraph=\count83
\c@subparagraph=\count84
\c@figure=\count85
\c@table=\count86
\abovecaptionskip=\skip41
\belowcaptionskip=\skip42
\bibindent=\dimen102
)
("C:\Users\hp\AppData\Local\Programs\MiKTeX 2.9\tex\latex\base\inputenc.sty"
Package: inputenc 2015/03/17 v1.2c Input encoding file
\inpenc@prehook=\toks14
\inpenc@posthook=\toks15

("C:\Users\hp\AppData\Local\Programs\MiKTeX 2.9\tex\latex\base\utf8.def"
File: utf8.def 2015/09/07 v1.1p UTF-8 support for inputenc
Now handling font encoding OML ...
... no UTF-8 mapping file for font encoding OML
Now handling font encoding T1 ...
... processing UTF-8 mapping file for font encoding T1

("C:\Users\hp\AppData\Local\Programs\MiKTeX 2.9\tex\latex\base\t1enc.dfu"
File: t1enc.dfu 2015/09/07 v1.1p UTF-8 support for inputenc
   defining Unicode char U+00A0 (decimal 160)
   defining Unicode char U+00A1 (decimal 161)
   defining Unicode char U+00A3 (decimal 163)
   defining Unicode char U+00AB (decimal 171)
   defining Unicode char U+00AD (decimal 173)
   defining Unicode char U+00BB (decimal 187)
   defining Unicode char U+00BF (decimal 191)
   defining Unicode char U+00C0 (decimal 192)
   defining Unicode char U+00C1 (decimal 193)
   defining Unicode char U+00C2 (decimal 194)
   defining Unicode char U+00C3 (decimal 195)
   defining Unicode char U+00C4 (decimal 196)
   defining Unicode char U+00C5 (decimal 197)
   defining Unicode char U+00C6 (decimal 198)
   defining Unicode char U+00C7 (decimal 199)
   defining Unicode char U+00C8 (decimal 200)
   defining Unicode char U+00C9 (decimal 201)
   defining Unicode char U+00CA (decimal 202)
   defining Unicode char U+00CB (decimal 203)
   defining Unicode char U+00CC (decimal 204)
   defining Unicode char U+00CD (decimal 205)
   defining Unicode char U+00CE (decimal 206)
   defining Unicode char U+00CF (decimal 207)
   defining Unicode char U+00D0 (decimal 208)
   defining Unicode char U+00D1 (decimal 209)
   defining Unicode char U+00D2 (decimal 210)
   defining Unicode char U+00D3 (decimal 211)
   defining Unicode char U+00D4 (decimal 212)
   defining Unicode char U+00D5 (decimal 213)
   defining Unicode char U+00D6 (decimal 214)
   defining Unicode char U+00D8 (decimal 216)
   defining Unicode char U+00D9 (decimal 217)
   defining Unicode char U+00DA (decimal 218)
   defining Unicode char U+00DB (decimal 219)
   defining Unicode char U+00DC (decimal 220)
   defining Unicode char U+00DD (decimal 221)
   defining Unicode char U+00DE (decimal 222)
   defining Unicode char U+00DF (decimal 223)
   defining Unicode char U+00E0 (decimal 224)
   defining Unicode char U+00E1 (decimal 225)
   defining Unicode char U+00E2 (decimal 226)
   defining Unicode char U+00E3 (decimal 227)
   defining Unicode char U+00E4 (decimal 228)
   defining Unicode char U+00E5 (decimal 229)
   defining Unicode char U+00E6 (decimal 230)
   defining Unicode char U+00E7 (decimal 231)
   defining Unicode char U+00E8 (decimal 232)
   defining Unicode char U+00E9 (decimal 233)
   defining Unicode char U+00EA (decimal 234)
   defining Unicode char U+00EB (decimal 235)
   defining Unicode char U+00EC (decimal 236)
   defining Unicode char U+00ED (decimal 237)
   defining Unicode char U+00EE (decimal 238)
   defining Unicode char U+00EF (decimal 239)
   defining Unicode char U+00F0 (decimal 240)
   defining Unicode char U+00F1 (decimal 241)
   defining Unicode char U+00F2 (decimal 242)
   defining Unicode char U+00F3 (decimal 243)
   defining Unicode char U+00F4 (decimal 244)
   defining Unicode char U+00F5 (decimal 245)
   defining Unicode char U+00F6 (decimal 246)
   defining Unicode char U+00F8 (decimal 248)
   defining Unicode char U+00F9 (decimal 249)
   defining Unicode char U+00FA (decimal 250)
   defining Unicode char U+00FB (decimal 251)
   defining Unicode char U+00FC (decimal 252)
   defining Unicode char U+00FD (decimal 253)
   defining Unicode char U+00FE (decimal 254)
   defining Unicode char U+00FF (decimal 255)
   defining Unicode char U+0102 (decimal 258)
   defining Unicode char U+0103 (decimal 259)
   defining Unicode char U+0104 (decimal 260)
   defining Unicode char U+0105 (decimal 261)
   defining Unicode char U+0106 (decimal 262)
   defining Unicode char U+0107 (decimal 263)
   defining Unicode char U+010C (decimal 268)
   defining Unicode char U+010D (decimal 269)
   defining Unicode char U+010E (decimal 270)
   defining Unicode char U+010F (decimal 271)
   defining Unicode char U+0110 (decimal 272)
   defining Unicode char U+0111 (decimal 273)
   defining Unicode char U+0118 (decimal 280)
   defining Unicode char U+0119 (decimal 281)
   defining Unicode char U+011A (decimal 282)
   defining Unicode char U+011B (decimal 283)
   defining Unicode char U+011E (decimal 286)
   defining Unicode char U+011F (decimal 287)
   defining Unicode char U+0130 (decimal 304)
   defining Unicode char U+0131 (decimal 305)
   defining Unicode char U+0132 (decimal 306)
   defining Unicode char U+0133 (decimal 307)
   defining Unicode char U+0139 (decimal 313)
   defining Unicode char U+013A (decimal 314)
   defining Unicode char U+013D (decimal 317)
   defining Unicode char U+013E (decimal 318)
   defining Unicode char U+0141 (decimal 321)
   defining Unicode char U+0142 (decimal 322)
   defining Unicode char U+0143 (decimal 323)
   defining Unicode char U+0144 (decimal 324)
   defining Unicode char U+0147 (decimal 327)
   defining Unicode char U+0148 (decimal 328)
   defining Unicode char U+014A (decimal 330)
   defining Unicode char U+014B (decimal 331)
   defining Unicode char U+0150 (decimal 336)
   defining Unicode char U+0151 (decimal 337)
   defining Unicode char U+0152 (decimal 338)
   defining Unicode char U+0153 (decimal 339)
   defining Unicode char U+0154 (decimal 340)
   defining Unicode char U+0155 (decimal 341)
   defining Unicode char U+0158 (decimal 344)
   defining Unicode char U+0159 (decimal 345)
   defining Unicode char U+015A (decimal 346)
   defining Unicode char U+015B (decimal 347)
   defining Unicode char U+015E (decimal 350)
   defining Unicode char U+015F (decimal 351)
   defining Unicode char U+0160 (decimal 352)
   defining Unicode char U+0161 (decimal 353)
   defining Unicode char U+0162 (decimal 354)
   defining Unicode char U+0163 (decimal 355)
   defining Unicode char U+0164 (decimal 356)
   defining Unicode char U+0165 (decimal 357)
   defining Unicode char U+016E (decimal 366)
   defining Unicode char U+016F (decimal 367)
   defining Unicode char U+0170 (decimal 368)
   defining Unicode char U+0171 (decimal 369)
   defining Unicode char U+0174 (decimal 372)
   defining Unicode char U+0175 (decimal 373)
   defining Unicode char U+0176 (decimal 374)
   defining Unicode char U+0177 (decimal 375)
   defining Unicode char U+0178 (decimal 376)
   defining Unicode char U+0179 (decimal 377)
   defining Unicode char U+017A (decimal 378)
   defining Unicode char U+017B (decimal 379)
   defining Unicode char U+017C (decimal 380)
   defining Unicode char U+017D (decimal 381)
   defining Unicode char U+017E (decimal 382)
   defining Unicode char U+0218 (decimal 536)
   defining Unicode char U+0219 (decimal 537)
   defining Unicode char U+021A (decimal 538)
   defining Unicode char U+021B (decimal 539)
   defining Unicode char U+200C (decimal 8204)
   defining Unicode char U+2013 (decimal 8211)
   defining Unicode char U+2014 (decimal 8212)
   defining Unicode char U+2018 (decimal 8216)
   defining Unicode char U+2019 (decimal 8217)
   defining Unicode char U+201A (decimal 8218)
   defining Unicode char U+201C (decimal 8220)
   defining Unicode char U+201D (decimal 8221)
   defining Unicode char U+201E (decimal 8222)
   defining Unicode char U+2030 (decimal 8240)
   defining Unicode char U+2031 (decimal 8241)
   defining Unicode char U+2039 (decimal 8249)
   defining Unicode char U+203A (decimal 8250)
   defining Unicode char U+2423 (decimal 9251)
)
Now handling font encoding OT1 ...
... processing UTF-8 mapping file for font encoding OT1

("C:\Users\hp\AppData\Local\Programs\MiKTeX 2.9\tex\latex\base\ot1enc.dfu"
File: ot1enc.dfu 2015/09/07 v1.1p UTF-8 support for inputenc
   defining Unicode char U+00A0 (decimal 160)
   defining Unicode char U+00A1 (decimal 161)
   defining Unicode char U+00A3 (decimal 163)
   defining Unicode char U+00AD (decimal 173)
   defining Unicode char U+00B8 (decimal 184)
   defining Unicode char U+00BF (decimal 191)
   defining Unicode char U+00C5 (decimal 197)
   defining Unicode char U+00C6 (decimal 198)
   defining Unicode char U+00D8 (decimal 216)
   defining Unicode char U+00DF (decimal 223)
   defining Unicode char U+00E6 (decimal 230)
   defining Unicode char U+00EC (decimal 236)
   defining Unicode char U+00ED (decimal 237)
   defining Unicode char U+00EE (decimal 238)
   defining Unicode char U+00EF (decimal 239)
   defining Unicode char U+00F8 (decimal 248)
   defining Unicode char U+0131 (decimal 305)
   defining Unicode char U+0141 (decimal 321)
   defining Unicode char U+0142 (decimal 322)
   defining Unicode char U+0152 (decimal 338)
   defining Unicode char U+0153 (decimal 339)
   defining Unicode char U+0174 (decimal 372)
   defining Unicode char U+0175 (decimal 373)
   defining Unicode char U+0176 (decimal 374)
   defining Unicode char U+0177 (decimal 375)
   defining Unicode char U+0218 (decimal 536)
   defining Unicode char U+0219 (decimal 537)
   defining Unicode char U+021A (decimal 538)
   defining Unicode char U+021B (decimal 539)
   defining Unicode char U+2013 (decimal 8211)
   defining Unicode char U+2014 (decimal 8212)
   defining Unicode char U+2018 (decimal 8216)
   defining Unicode char U+2019 (decimal 8217)
   defining Unicode char U+201C (decimal 8220)
   defining Unicode char U+201D (decimal 8221)
)
Now handling font encoding OMS ...
... processing UTF-8 mapping file for font encoding OMS

("C:\Users\hp\AppData\Local\Programs\MiKTeX 2.9\tex\latex\base\omsenc.dfu"
File: omsenc.dfu 2015/09/07 v1.1p UTF-8 support for inputenc
   defining Unicode char U+00A7 (decimal 167)
   defining Unicode char U+00B6 (decimal 182)
   defining Unicode char U+00B7 (decimal 183)
   defining Unicode char U+2020 (decimal 8224)
   defining Unicode char U+2021 (decimal 8225)
   defining Unicode char U+2022 (decimal 8226)
)
Now handling font encoding OMX ...
... no UTF-8 mapping file for font encoding OMX
Now handling font encoding U ...
... no UTF-8 mapping file for font encoding U
   defining Unicode char U+00A9 (decimal 169)
   defining Unicode char U+00AA (decimal 170)
   defining Unicode char U+00AE (decimal 174)
   defining Unicode char U+00BA (decimal 186)
   defining Unicode char U+02C6 (decimal 710)
   defining Unicode char U+02DC (decimal 732)
   defining Unicode char U+200C (decimal 8204)
   defining Unicode char U+2026 (decimal 8230)
   defining Unicode char U+2122 (decimal 8482)
   defining Unicode char U+2423 (decimal 9251)
))
("C:\Users\hp\AppData\Local\Programs\MiKTeX 2.9\tex\generic\babel\babel.sty"
Package: babel 2016/01/08 3.9n The Babel package

*************************************
* Local config file bblopts.cfg used
*
("C:\Users\hp\AppData\Local\Programs\MiKTeX 2.9\tex\latex\00miktex\bblopts.cfg"
File: bblopts.cfg 2006/07/31 v1.0 MiKTeX 'babel' configuration
)
("C:\Users\hp\AppData\Local\Programs\MiKTeX 2.9\tex\latex\babel-spanish\spanish
.ldf"
Language: spanish.ldf 2016/01/15 v5.0o Spanish support from the babel system

("C:\Users\hp\AppData\Local\Programs\MiKTeX 2.9\tex\generic\babel\babel.def"
File: babel.def 2016/01/08 3.9n Babel common definitions
\babel@savecnt=\count87
\U@D=\dimen103
)
\es@quottoks=\toks16
\es@quotdepth=\count88
Package babel Info: Making " an active character on input line 533.
Package babel Info: Making . an active character on input line 634.
Package babel Info: Making < an active character on input line 679.
Package babel Info: Making > an active character on input line 679.
)) ("C:\Users\hp\AppData\Local\Programs\MiKTeX 2.9\tex\latex\amsmath\amsmath.st
y"
Package: amsmath 2013/01/14 v2.14 AMS math features
\@mathmargin=\skip43
For additional information on amsmath, use the `?' option.
("C:\Users\hp\AppData\Local\Programs\MiKTeX 2.9\tex\latex\amsmath\amstext.sty"
Package: amstext 2000/06/29 v2.01

("C:\Users\hp\AppData\Local\Programs\MiKTeX 2.9\tex\latex\amsmath\amsgen.sty"
File: amsgen.sty 1999/11/30 v2.0
\@emptytoks=\toks17
\ex@=\dimen104
)) ("C:\Users\hp\AppData\Local\Programs\MiKTeX 2.9\tex\latex\amsmath\amsbsy.sty
"
Package: amsbsy 1999/11/29 v1.2d
\pmbraise@=\dimen105
) ("C:\Users\hp\AppData\Local\Programs\MiKTeX 2.9\tex\latex\amsmath\amsopn.sty"
Package: amsopn 1999/12/14 v2.01 operator names
)
\inf@bad=\count89
LaTeX Info: Redefining \frac on input line 210.
\uproot@=\count90
\leftroot@=\count91
LaTeX Info: Redefining \overline on input line 306.
\classnum@=\count92
\DOTSCASE@=\count93
LaTeX Info: Redefining \ldots on input line 378.
LaTeX Info: Redefining \dots on input line 381.
LaTeX Info: Redefining \cdots on input line 466.
\Mathstrutbox@=\box26
\strutbox@=\box27
\big@size=\dimen106
LaTeX Font Info:    Redeclaring font encoding OML on input line 566.
LaTeX Font Info:    Redeclaring font encoding OMS on input line 567.
\macc@depth=\count94
\c@MaxMatrixCols=\count95
\dotsspace@=\muskip10
\c@parentequation=\count96
\dspbrk@lvl=\count97
\tag@help=\toks18
\row@=\count98
\column@=\count99
\maxfields@=\count100
\andhelp@=\toks19
\eqnshift@=\dimen107
\alignsep@=\dimen108
\tagshift@=\dimen109
\tagwidth@=\dimen110
\totwidth@=\dimen111
\lineht@=\dimen112
\@envbody=\toks20
\multlinegap=\skip44
\multlinetaggap=\skip45
\mathdisplay@stack=\toks21
LaTeX Info: Redefining \[ on input line 2665.
LaTeX Info: Redefining \] on input line 2666.
) ("C:\Users\hp\AppData\Local\Programs\MiKTeX 2.9\tex\latex\float\float.sty"
Package: float 2001/11/08 v1.3d Float enhancements (AL)
\c@float@type=\count101
\float@exts=\toks22
\float@box=\box28
\@float@everytoks=\toks23
\@floatcapt=\box29
)
("C:\Users\hp\AppData\Local\Programs\MiKTeX 2.9\tex\latex\amsfonts\amsfonts.sty
"
Package: amsfonts 2013/01/14 v3.01 Basic AMSFonts support
\symAMSa=\mathgroup4
\symAMSb=\mathgroup5
LaTeX Font Info:    Overwriting math alphabet `\mathfrak' in version `bold'
(Font)                  U/euf/m/n --> U/euf/b/n on input line 106.
)
("C:\Users\hp\AppData\Local\Programs\MiKTeX 2.9\tex\latex\amsfonts\amssymb.sty"
Package: amssymb 2013/01/14 v3.01 AMS font symbols
)
("C:\Users\hp\AppData\Local\Programs\MiKTeX 2.9\tex\latex\graphics\graphicx.sty
"
Package: graphicx 2014/10/28 v1.0g Enhanced LaTeX Graphics (DPC,SPQR)
 ("C:\Users\hp\AppData\Local\Programs\MiKTeX 2.9\tex\latex\graphics\keyval.sty"
Package: keyval 2014/10/28 v1.15 key=value parser (DPC)
\KV@toks@=\toks24
)
("C:\Users\hp\AppData\Local\Programs\MiKTeX 2.9\tex\latex\graphics\graphics.sty
"
Package: graphics 2014/10/28 v1.0p Standard LaTeX Graphics (DPC,SPQR)
 ("C:\Users\hp\AppData\Local\Programs\MiKTeX 2.9\tex\latex\graphics\trig.sty"
Package: trig 1999/03/16 v1.09 sin cos tan (DPC)
) ("C:\Users\hp\AppData\Local\Programs\MiKTeX 2.9\tex\latex\00miktex\graphics.c
fg"
File: graphics.cfg 2007/01/18 v1.5 graphics configuration of teTeX/TeXLive
)
Package graphics Info: Driver file: pdftex.def on input line 94.

("C:\Users\hp\AppData\Local\Programs\MiKTeX 2.9\tex\latex\pdftex-def\pdftex.def
"
File: pdftex.def 2011/05/27 v0.06d Graphics/color for pdfTeX

("C:\Users\hp\AppData\Local\Programs\MiKTeX 2.9\tex\generic\oberdiek\infwarerr.
sty"
Package: infwarerr 2010/04/08 v1.3 Providing info/warning/error messages (HO)
)
("C:\Users\hp\AppData\Local\Programs\MiKTeX 2.9\tex\generic\oberdiek\ltxcmds.st
y"
Package: ltxcmds 2011/11/09 v1.22 LaTeX kernel commands for general use (HO)
)
\Gread@gobject=\count102
))
\Gin@req@height=\dimen113
\Gin@req@width=\dimen114
)
("C:\Users\hp\AppData\Local\Programs\MiKTeX 2.9\tex\latex\geometry\geometry.sty
"
Package: geometry 2010/09/12 v5.6 Page Geometry
 ("C:\Users\hp\AppData\Local\Programs\MiKTeX 2.9\tex\generic\oberdiek\ifpdf.sty
"
Package: ifpdf 2011/01/30 v2.3 Provides the ifpdf switch (HO)
Package ifpdf Info: pdfTeX in PDF mode is detected.
)
("C:\Users\hp\AppData\Local\Programs\MiKTeX 2.9\tex\generic\oberdiek\ifvtex.sty
"
Package: ifvtex 2010/03/01 v1.5 Detect VTeX and its facilities (HO)
Package ifvtex Info: VTeX not detected.
)
("C:\Users\hp\AppData\Local\Programs\MiKTeX 2.9\tex\generic\ifxetex\ifxetex.sty
"
Package: ifxetex 2010/09/12 v0.6 Provides ifxetex conditional
)
\Gm@cnth=\count103
\Gm@cntv=\count104
\c@Gm@tempcnt=\count105
\Gm@bindingoffset=\dimen115
\Gm@wd@mp=\dimen116
\Gm@odd@mp=\dimen117
\Gm@even@mp=\dimen118
\Gm@layoutwidth=\dimen119
\Gm@layoutheight=\dimen120
\Gm@layouthoffset=\dimen121
\Gm@layoutvoffset=\dimen122
\Gm@dimlist=\toks25

("C:\Users\hp\AppData\Local\Programs\MiKTeX 2.9\tex\latex\geometry\geometry.cfg
"))
("C:\Users\hp\AppData\Local\Programs\MiKTeX 2.9\tex\latex\pdfpages\pdfpages.sty
"
Package: pdfpages 2016/04/19 v0.5f Insert pages of external PDF documents (AM)
 ("C:\Users\hp\AppData\Local\Programs\MiKTeX 2.9\tex\latex\base\ifthen.sty"
Package: ifthen 2014/09/29 v1.1c Standard LaTeX ifthen package (DPC)
)
("C:\Users\hp\AppData\Local\Programs\MiKTeX 2.9\tex\latex\tools\calc.sty"
Package: calc 2014/10/28 v4.3 Infix arithmetic (KKT,FJ)
\calc@Acount=\count106
\calc@Bcount=\count107
\calc@Adimen=\dimen123
\calc@Bdimen=\dimen124
\calc@Askip=\skip46
\calc@Bskip=\skip47
LaTeX Info: Redefining \setlength on input line 80.
LaTeX Info: Redefining \addtolength on input line 81.
\calc@Ccount=\count108
\calc@Cskip=\skip48
)
("C:\Users\hp\AppData\Local\Programs\MiKTeX 2.9\tex\latex\eso-pic\eso-pic.sty"
Package: eso-pic 2015/07/21 v2.0g eso-pic (RN)

("C:\Users\hp\AppData\Local\Programs\MiKTeX 2.9\tex\generic\oberdiek\atbegshi.s
ty"
Package: atbegshi 2011/10/05 v1.16 At begin shipout hook (HO)
) ("C:\Users\hp\AppData\Local\Programs\MiKTeX 2.9\tex\latex\xcolor\xcolor.sty"
Package: xcolor 2016/05/11 v2.12 LaTeX color extensions (UK)
 ("C:\Users\hp\AppData\Local\Programs\MiKTeX 2.9\tex\latex\00miktex\color.cfg"
File: color.cfg 2007/01/18 v1.5 color configuration of teTeX/TeXLive
)
Package xcolor Info: Driver file: pdftex.def on input line 225.
Package xcolor Info: Model `cmy' substituted by `cmy0' on input line 1348.
Package xcolor Info: Model `hsb' substituted by `rgb' on input line 1352.
Package xcolor Info: Model `RGB' extended on input line 1364.
Package xcolor Info: Model `HTML' substituted by `rgb' on input line 1366.
Package xcolor Info: Model `Hsb' substituted by `hsb' on input line 1367.
Package xcolor Info: Model `tHsb' substituted by `hsb' on input line 1368.
Package xcolor Info: Model `HSB' substituted by `hsb' on input line 1369.
Package xcolor Info: Model `Gray' substituted by `gray' on input line 1370.
Package xcolor Info: Model `wave' substituted by `hsb' on input line 1371.
))
\AM@pagewidth=\dimen125
\AM@pageheight=\dimen126

("C:\Users\hp\AppData\Local\Programs\MiKTeX 2.9\tex\latex\pdfpages\pppdftex.def
"
File: pppdftex.def 2016/04/19 v0.5f Pdfpages driver for pdfTeX (AM)
)
\AM@pagebox=\box30
\AM@global@opts=\toks26
\AM@toc@title=\toks27
\c@AM@survey=\count109
\AM@templatesizebox=\box31
)
("C:\Users\hp\AppData\Local\Programs\MiKTeX 2.9\tex\latex\subfigure\subfigure.s
ty"
Package: subfigure 2002/07/30 v2.1.4 subfigure package
\subfigtopskip=\skip49
\subfigcapskip=\skip50
\subfigcaptopadj=\dimen127
\subfigbottomskip=\skip51
\subfigcapmargin=\dimen128
\subfiglabelskip=\skip52
\c@subfigure=\count110
\c@lofdepth=\count111
\c@subtable=\count112
\c@lotdepth=\count113

****************************************
* Local config file subfigure.cfg used *
****************************************

("C:\Users\hp\AppData\Local\Programs\MiKTeX 2.9\tex\latex\subfigure\subfigure.c
fg")
\subfig@top=\skip53
\subfig@bottom=\skip54
)
("C:\Users\hp\AppData\Local\Programs\MiKTeX 2.9\tex\latex\fancyhdr\fancyhdr.sty
"
Package: fancyhdr 2016/09/06 3.8 Extensive control of page headers and footers
\fancy@headwidth=\skip55
\f@ncyO@elh=\skip56
\f@ncyO@erh=\skip57
\f@ncyO@olh=\skip58
\f@ncyO@orh=\skip59
\f@ncyO@elf=\skip60
\f@ncyO@erf=\skip61
\f@ncyO@olf=\skip62
\f@ncyO@orf=\skip63
) (BOCETO3.aux
LaTeX Info: Redefining \. on input line 6.
LaTeX Info: Redefining \% on input line 6.
)
\openout1 = `BOCETO3.aux'.

LaTeX Font Info:    Checking defaults for OML/cmm/m/it on input line 22.
LaTeX Font Info:    ... okay on input line 22.
LaTeX Font Info:    Checking defaults for T1/cmr/m/n on input line 22.
LaTeX Font Info:    ... okay on input line 22.
LaTeX Font Info:    Checking defaults for OT1/cmr/m/n on input line 22.
LaTeX Font Info:    ... okay on input line 22.
LaTeX Font Info:    Checking defaults for OMS/cmsy/m/n on input line 22.
LaTeX Font Info:    ... okay on input line 22.
LaTeX Font Info:    Checking defaults for OMX/cmex/m/n on input line 22.
LaTeX Font Info:    ... okay on input line 22.
LaTeX Font Info:    Checking defaults for U/cmr/m/n on input line 22.
LaTeX Font Info:    ... okay on input line 22.
LaTeX Info: Redefining \. on input line 22.
LaTeX Info: Redefining \% on input line 22.

("C:\Users\hp\AppData\Local\Programs\MiKTeX 2.9\tex\context\base\supp-pdf.mkii"
[Loading MPS to PDF converter (version 2006.09.02).]
\scratchcounter=\count114
\scratchdimen=\dimen129
\scratchbox=\box32
\nofMPsegments=\count115
\nofMParguments=\count116
\everyMPshowfont=\toks28
\MPscratchCnt=\count117
\MPscratchDim=\dimen130
\MPnumerator=\count118
\makeMPintoPDFobject=\count119
\everyMPtoPDFconversion=\toks29
)
*geometry* driver: auto-detecting
*geometry* detected driver: pdftex
*geometry* verbose mode - [ preamble ] result:
* driver: pdftex
* paper: letterpaper
* layout: <same size as paper>
* layoutoffset:(h,v)=(0.0pt,0.0pt)
* modes: 
* h-part:(L,W,R)=(56.9055pt, 500.484pt, 56.9055pt)
* v-part:(T,H,B)=(56.9055pt, 666.9326pt, 71.13188pt)
* \paperwidth=614.295pt
* \paperheight=794.96999pt
* \textwidth=500.484pt
* \textheight=666.9326pt
* \oddsidemargin=-15.36449pt
* \evensidemargin=-15.36449pt
* \topmargin=-52.36449pt
* \headheight=12.0pt
* \headsep=25.0pt
* \topskip=12.0pt
* \footskip=30.0pt
* \marginparwidth=44.0pt
* \marginparsep=10.0pt
* \columnsep=10.0pt
* \skip\footins=10.8pt plus 4.0pt minus 2.0pt
* \hoffset=0.0pt
* \voffset=0.0pt
* \mag=1000
* \@twocolumnfalse
* \@twosidefalse
* \@mparswitchfalse
* \@reversemarginfalse
* (1in=72.27pt=25.4mm, 1cm=28.453pt)

\AtBeginShipoutBox=\box33

("C:\Users\hp\AppData\Local\Programs\MiKTeX 2.9\tex\latex\oberdiek\pdflscape.st
y"
Package: pdflscape 2008/08/11 v0.10 Display of landscape pages in PDF (HO)
 ("C:\Users\hp\AppData\Local\Programs\MiKTeX 2.9\tex\latex\graphics\lscape.sty"
Package: lscape 2000/10/22 v3.01 Landscape Pages (DPC)
)
Package pdflscape Info: Auto-detected driver: pdftex on input line 80.
) <figuras/CARATULA.pdf, id=1, 614.295pt x 794.97pt>
File: figuras/CARATULA.pdf Graphic file (type pdf)

<use figuras/CARATULA.pdf>
Package pdftex.def Info: figuras/CARATULA.pdf used on input line 24.
(pdftex.def)             Requested size: 614.29349pt x 794.96806pt.
File: figuras/CARATULA.pdf Graphic file (type pdf)
 <use figuras/CARATULA.pdf>
Package pdftex.def Info: figuras/CARATULA.pdf used on input line 24.
(pdftex.def)             Requested size: 614.29349pt x 794.96806pt.

<figuras/CARATULA.pdf, id=4, page=1, 614.295pt x 794.97pt>
File: figuras/CARATULA.pdf Graphic file (type pdf)

<use figuras/CARATULA.pdf, page 1>
Package pdftex.def Info: figuras/CARATULA.pdf, page1 used on input line 24.
(pdftex.def)             Requested size: 614.29349pt x 794.96806pt.
File: figuras/CARATULA.pdf Graphic file (type pdf)
 <use figuras/CARATULA.pdf, page 1>
Package pdftex.def Info: figuras/CARATULA.pdf, page1 used on input line 24.
(pdftex.def)             Requested size: 614.58406pt x 795.3441pt.
File: figuras/CARATULA.pdf Graphic file (type pdf)

<use figuras/CARATULA.pdf, page 1>
Package pdftex.def Info: figuras/CARATULA.pdf, page1 used on input line 24.
(pdftex.def)             Requested size: 614.58406pt x 795.3441pt.
File: figuras/CARATULA.pdf Graphic file (type pdf)
 <use figuras/CARATULA.pdf, page 1>
Package pdftex.def Info: figuras/CARATULA.pdf, page1 used on input line 24.
(pdftex.def)             Requested size: 614.58406pt x 795.3441pt.
File: figuras/CARATULA.pdf Graphic file (type pdf)

<use figuras/CARATULA.pdf, page 1>
Package pdftex.def Info: figuras/CARATULA.pdf, page1 used on input line 24.
(pdftex.def)             Requested size: 614.58406pt x 795.3441pt.
 [1

 <./figuras/CARATULA.pdf>] (BOCETO3.toc
LaTeX Info: Redefining \. on input line 1.
LaTeX Info: Redefining \% on input line 1.
LaTeX Font Info:    Try loading font information for U+msa on input line 3.

("C:\Users\hp\AppData\Local\Programs\MiKTeX 2.9\tex\latex\amsfonts\umsa.fd"
File: umsa.fd 2013/01/14 v3.01 AMS symbols A
)
LaTeX Font Info:    Try loading font information for U+msb on input line 3.

("C:\Users\hp\AppData\Local\Programs\MiKTeX 2.9\tex\latex\amsfonts\umsb.fd"
File: umsb.fd 2013/01/14 v3.01 AMS symbols B
))
\tf@toc=\write3
\openout3 = `BOCETO3.toc'.


Underfull \hbox (badness 10000) in paragraph at lines 29--31

 []

<figuras/unsl.png, id=22, 90.3375pt x 113.42375pt>
File: figuras/unsl.png Graphic file (type png)
 <use figuras/unsl.png>
Package pdftex.def Info: figuras/unsl.png used on input line 31.
(pdftex.def)             Requested size: 22.76228pt x 28.57912pt.


Package Fancyhdr Warning: \headheight is too small (12.0pt): 
 Make it at least 32.92915pt.
 We now make it that large for the rest of the document.
 This may cause the page layout to be inconsistent, however.

[2{C:/Users/hp/AppData/Local/MiKTeX/2.9/pdftex/config/pdftex.map} <./figuras/un
sl.png>]
Underfull \hbox (badness 10000) in paragraph at lines 32--34

 []


Underfull \hbox (badness 10000) in paragraph at lines 35--37

 []


Underfull \hbox (badness 10000) in paragraph at lines 41--43

 []


Underfull \hbox (badness 10000) in paragraph at lines 44--46

 []


Underfull \hbox (badness 10000) in paragraph at lines 47--49

 []


Underfull \hbox (badness 10000) in paragraph at lines 50--52

 []

File: figuras/unsl.png Graphic file (type png)
<use figuras/unsl.png>
Package pdftex.def Info: figuras/unsl.png used on input line 52.
(pdftex.def)             Requested size: 22.76228pt x 28.57912pt.


Package Fancyhdr Warning: \headheight is too small (12.0pt): 
 Make it at least 32.92915pt.
 We now make it that large for the rest of the document.
 This may cause the page layout to be inconsistent, however.

[3] <figuras/descripcion1.png, id=34, 703.87968pt x 318.43968pt>
File: figuras/descripcion1.png Graphic file (type png)

<use figuras/descripcion1.png>
Package pdftex.def Info: figuras/descripcion1.png used on input line 62.
(pdftex.def)             Requested size: 284.52756pt x 128.71956pt.

Underfull \hbox (badness 10000) in paragraph at lines 69--71

 []


Underfull \hbox (badness 10000) in paragraph at lines 72--74

 []


Underfull \hbox (badness 10000) in paragraph at lines 75--77

 []


Underfull \hbox (badness 10000) in paragraph at lines 78--80

 []

File: figuras/unsl.png Graphic file (type png)
<use figuras/unsl.png>
Package pdftex.def Info: figuras/unsl.png used on input line 80.
(pdftex.def)             Requested size: 22.76228pt x 28.57912pt.


Package Fancyhdr Warning: \headheight is too small (12.0pt): 
 Make it at least 32.92915pt.
 We now make it that large for the rest of the document.
 This may cause the page layout to be inconsistent, however.

[4 <./figuras/descripcion1.png>]
Underfull \hbox (badness 10000) in paragraph at lines 81--83

 []


Underfull \hbox (badness 10000) in paragraph at lines 84--86

 []

<figuras/FIGURA_1.jpg, id=38, 269.50688pt x 376.40625pt>
File: figuras/FIGURA_1.jpg Graphic file (type jpg)

<use figuras/FIGURA_1.jpg>
Package pdftex.def Info: figuras/FIGURA_1.jpg used on input line 92.
(pdftex.def)             Requested size: 170.71652pt x 238.43521pt.

Underfull \hbox (badness 10000) in paragraph at lines 97--99

 []

LaTeX Font Info:    Try loading font information for OMS+cmr on input line 103.

("C:\Users\hp\AppData\Local\Programs\MiKTeX 2.9\tex\latex\base\omscmr.fd"
File: omscmr.fd 2014/09/29 v2.5h Standard LaTeX font definitions
)
LaTeX Font Info:    Font shape `OMS/cmr/m/n' in size <12> not available
(Font)              Font shape `OMS/cmsy/m/n' tried instead on input line 103.
File: figuras/unsl.png Graphic file (type png)

<use figuras/unsl.png>
Package pdftex.def Info: figuras/unsl.png used on input line 104.
(pdftex.def)             Requested size: 22.76228pt x 28.57912pt.


Package Fancyhdr Warning: \headheight is too small (12.0pt): 
 Make it at least 32.92915pt.
 We now make it that large for the rest of the document.
 This may cause the page layout to be inconsistent, however.

[5 <./figuras/FIGURA_1.jpg>]
<figuras/diagramaenbloques.jpg, id=44, 475.7775pt x 395.97937pt>
File: figuras/diagramaenbloques.jpg Graphic file (type jpg)

<use figuras/diagramaenbloques.jpg>
Package pdftex.def Info: figuras/diagramaenbloques.jpg used on input line 123.
(pdftex.def)             Requested size: 227.62204pt x 189.4456pt.

<figuras/f16.png, id=45, 536.0025pt x 359.84438pt>
File: figuras/f16.png Graphic file (type png)
 <use figuras/f16.png>
Package pdftex.def Info: figuras/f16.png used on input line 131.
(pdftex.def)             Requested size: 227.62204pt x 152.81378pt.

Underfull \hbox (badness 10000) in paragraph at lines 139--141

 []

File: figuras/unsl.png Graphic file (type png)
<use figuras/unsl.png>
Package pdftex.def Info: figuras/unsl.png used on input line 141.
(pdftex.def)             Requested size: 22.76228pt x 28.57912pt.


Package Fancyhdr Warning: \headheight is too small (12.0pt): 
 Make it at least 32.92915pt.
 We now make it that large for the rest of the document.
 This may cause the page layout to be inconsistent, however.

[6 <./figuras/diagramaenbloques.jpg> <./figuras/f16.png>]
Underfull \hbox (badness 10000) in paragraph at lines 142--144

 []


Underfull \hbox (badness 10000) in paragraph at lines 145--147

 []


Underfull \hbox (badness 10000) in paragraph at lines 151--153

 []


Underfull \hbox (badness 10000) in paragraph at lines 154--156

 []


Underfull \hbox (badness 10000) in paragraph at lines 157--159

 []

File: figuras/unsl.png Graphic file (type png)
<use figuras/unsl.png>
Package pdftex.def Info: figuras/unsl.png used on input line 159.
(pdftex.def)             Requested size: 22.76228pt x 28.57912pt.


Package Fancyhdr Warning: \headheight is too small (12.0pt): 
 Make it at least 32.92915pt.
 We now make it that large for the rest of the document.
 This may cause the page layout to be inconsistent, however.

[7]
Underfull \hbox (badness 10000) in paragraph at lines 160--162

 []


Underfull \hbox (badness 10000) in paragraph at lines 172--174

 []


Underfull \hbox (badness 10000) in paragraph at lines 175--177

 []


Underfull \hbox (badness 10000) in paragraph at lines 178--180

 []


Underfull \hbox (badness 10000) in paragraph at lines 200--202

 []

File: figuras/unsl.png Graphic file (type png)
<use figuras/unsl.png>
Package pdftex.def Info: figuras/unsl.png used on input line 203.
(pdftex.def)             Requested size: 22.76228pt x 28.57912pt.


Package Fancyhdr Warning: \headheight is too small (12.0pt): 
 Make it at least 32.92915pt.
 We now make it that large for the rest of the document.
 This may cause the page layout to be inconsistent, however.

[8] <figuras/est_directorios_ciaa.png, id=58, 511.15968pt x 612.78937pt>
File: figuras/est_directorios_ciaa.png Graphic file (type png)

<use figuras/est_directorios_ciaa.png>
Package pdftex.def Info: figuras/est_directorios_ciaa.png used on input line 20
9.
(pdftex.def)             Requested size: 227.62204pt x 272.87274pt.

Overfull \hbox (11.71245pt too wide) in paragraph at lines 220--228
 [] 
 []


Overfull \hbox (11.68471pt too wide) in paragraph at lines 234--243
 [] 
 []

File: figuras/unsl.png Graphic file (type png)
<use figuras/unsl.png>
Package pdftex.def Info: figuras/unsl.png used on input line 247.
(pdftex.def)             Requested size: 22.76228pt x 28.57912pt.


Package Fancyhdr Warning: \headheight is too small (12.0pt): 
 Make it at least 32.92915pt.
 We now make it that large for the rest of the document.
 This may cause the page layout to be inconsistent, however.

[9 <./figuras/est_directorios_ciaa.png>]
Underfull \hbox (badness 10000) in paragraph at lines 251--253

 []


Underfull \hbox (badness 10000) in paragraph at lines 256--259

 []

<figuras/instalacion1.png, id=62, 496.85625pt x 385.44pt>
File: figuras/instalacion1.png Graphic file (type png)

<use figuras/instalacion1.png>
Package pdftex.def Info: figuras/instalacion1.png used on input line 271.
(pdftex.def)             Requested size: 227.62204pt x 176.58115pt.
File: figuras/unsl.png Graphic file (type png)
 <use figuras/unsl.png>
Package pdftex.def Info: figuras/unsl.png used on input line 275.
(pdftex.def)             Requested size: 22.76228pt x 28.57912pt.


Package Fancyhdr Warning: \headheight is too small (12.0pt): 
 Make it at least 32.92915pt.
 We now make it that large for the rest of the document.
 This may cause the page layout to be inconsistent, however.

[10] <figuras/instalacion2.png, id=66, 496.85625pt x 385.44pt>
File: figuras/instalacion2.png Graphic file (type png)

<use figuras/instalacion2.png>
Package pdftex.def Info: figuras/instalacion2.png used on input line 278.
(pdftex.def)             Requested size: 227.62204pt x 176.58115pt.

<figuras/instalacion3.png, id=67, 399.74344pt x 310.15875pt>
File: figuras/instalacion3.png Graphic file (type png)

<use figuras/instalacion3.png>
Package pdftex.def Info: figuras/instalacion3.png used on input line 285.
(pdftex.def)             Requested size: 227.62204pt x 176.61247pt.
File: figuras/unsl.png Graphic file (type png)
 <use figuras/unsl.png>
Package pdftex.def Info: figuras/unsl.png used on input line 289.
(pdftex.def)             Requested size: 22.76228pt x 28.57912pt.


Package Fancyhdr Warning: \headheight is too small (12.0pt): 
 Make it at least 32.92915pt.
 We now make it that large for the rest of the document.
 This may cause the page layout to be inconsistent, however.

[11 <./figuras/instalacion1.png> <./figuras/instalacion2.png>]
<figuras/instalacion4.png, id=71, 392.21532pt x 305.64188pt>
File: figuras/instalacion4.png Graphic file (type png)

<use figuras/instalacion4.png>
Package pdftex.def Info: figuras/instalacion4.png used on input line 292.
(pdftex.def)             Requested size: 227.62204pt x 177.37967pt.

<figuras/instalacion5.png, id=72, 374.90062pt x 167.87718pt>
File: figuras/instalacion5.png Graphic file (type png)

<use figuras/instalacion5.png>
Package pdftex.def Info: figuras/instalacion5.png used on input line 300.
(pdftex.def)             Requested size: 170.71652pt x 76.44571pt.


LaTeX Warning: `!h' float specifier changed to `!ht'.

<figuras/instalacion6.png, id=73, 406.51875pt x 141.52875pt>
File: figuras/instalacion6.png Graphic file (type png)

<use figuras/instalacion6.png>
Package pdftex.def Info: figuras/instalacion6.png used on input line 308.
(pdftex.def)             Requested size: 170.71652pt x 59.43303pt.


LaTeX Warning: `!h' float specifier changed to `!ht'.

<figuras/instalacion7.png, id=74, 376.40625pt x 291.33844pt>
File: figuras/instalacion7.png Graphic file (type png)

<use figuras/instalacion7.png>
Package pdftex.def Info: figuras/instalacion7.png used on input line 316.
(pdftex.def)             Requested size: 170.71652pt x 132.13687pt.
File: figuras/unsl.png Graphic file (type png)
 <use figuras/unsl.png>
Package pdftex.def Info: figuras/unsl.png used on input line 319.
(pdftex.def)             Requested size: 22.76228pt x 28.57912pt.


Package Fancyhdr Warning: \headheight is too small (12.0pt): 
 Make it at least 32.92915pt.
 We now make it that large for the rest of the document.
 This may cause the page layout to be inconsistent, however.

[12 <./figuras/instalacion3.png> <./figuras/instalacion4.png>]
<figuras/instalacion8.png, id=78, 361.35pt x 279.29344pt>
File: figuras/instalacion8.png Graphic file (type png)

<use figuras/instalacion8.png>
Package pdftex.def Info: figuras/instalacion8.png used on input line 322.
(pdftex.def)             Requested size: 142.26378pt x 109.95958pt.

<figuras/instalacion9.png, id=79, 362.85562pt x 279.29344pt>
File: figuras/instalacion9.png Graphic file (type png)

<use figuras/instalacion9.png>
Package pdftex.def Info: figuras/instalacion9.png used on input line 328.
(pdftex.def)             Requested size: 170.71652pt x 131.4043pt.

<figuras/instalacion10.png, id=80, 362.85562pt x 279.29344pt>
File: figuras/instalacion10.png Graphic file (type png)

<use figuras/instalacion10.png>
Package pdftex.def Info: figuras/instalacion10.png used on input line 334.
(pdftex.def)             Requested size: 170.71652pt x 131.4043pt.
File: figuras/unsl.png Graphic file (type png)
 <use figuras/unsl.png>
Package pdftex.def Info: figuras/unsl.png used on input line 337.
(pdftex.def)             Requested size: 22.76228pt x 28.57912pt.


Package Fancyhdr Warning: \headheight is too small (12.0pt): 
 Make it at least 32.92915pt.
 We now make it that large for the rest of the document.
 This may cause the page layout to be inconsistent, however.

[13 <./figuras/instalacion5.png> <./figuras/instalacion6.png> <./figuras/instal
acion7.png> <./figuras/instalacion8.png>]
<figuras/instalacion11.png, id=85, 417.81094pt x 164.11313pt>
File: figuras/instalacion11.png Graphic file (type png)

<use figuras/instalacion11.png>
Package pdftex.def Info: figuras/instalacion11.png used on input line 341.
(pdftex.def)             Requested size: 256.0748pt x 100.58965pt.

<figuras/instalacion12.png, id=86, 449.42906pt x 204.765pt>
File: figuras/instalacion12.png Graphic file (type png)

<use figuras/instalacion12.png>
Package pdftex.def Info: figuras/instalacion12.png used on input line 349.
(pdftex.def)             Requested size: 170.71652pt x 77.78024pt.

Overfull \hbox (9.30751pt too wide) in paragraph at lines 346--353
\OT1/cmr/m/n/12 ellos pue-da ser uti-li-za-do co-mo in-ter-faz JTAG. Di-cho pro
-gra-ma se lla-ma $\OML/cmm/m/it/12 Zadig[]Win[]\OT1/cmr/m/n/12 7[]2[]1[]1\OML/
cmm/m/it/12 :exe$\OT1/cmr/m/n/12 ,
 []


LaTeX Warning: `!h' float specifier changed to `!ht'.

<figuras/instalacion13.png, id=87, 543.53062pt x 240.9pt>
File: figuras/instalacion13.png Graphic file (type png)

<use figuras/instalacion13.png>
Package pdftex.def Info: figuras/instalacion13.png used on input line 357.
(pdftex.def)             Requested size: 170.71652pt x 75.66335pt.
File: figuras/unsl.png Graphic file (type png)
 <use figuras/unsl.png>
Package pdftex.def Info: figuras/unsl.png used on input line 361.
(pdftex.def)             Requested size: 22.76228pt x 28.57912pt.


Package Fancyhdr Warning: \headheight is too small (12.0pt): 
 Make it at least 32.92915pt.
 We now make it that large for the rest of the document.
 This may cause the page layout to be inconsistent, however.

[14 <./figuras/instalacion9.png> <./figuras/instalacion10.png> <./figuras/insta
lacion11.png>] <figuras/instalacion14.png, id=91, 545.03625pt x 241.65282pt>
File: figuras/instalacion14.png Graphic file (type png)

<use figuras/instalacion14.png>
Package pdftex.def Info: figuras/instalacion14.png used on input line 368.
(pdftex.def)             Requested size: 227.62204pt x 100.91826pt.

<figuras/instalacion15.png, id=92, 547.2947pt x 243.91125pt>
File: figuras/instalacion15.png Graphic file (type png)

<use figuras/instalacion15.png>
Package pdftex.def Info: figuras/instalacion15.png used on input line 385.
(pdftex.def)             Requested size: 227.62204pt x 101.44458pt.


LaTeX Warning: `!h' float specifier changed to `!ht'.

File: figuras/unsl.png Graphic file (type png)
<use figuras/unsl.png>
Package pdftex.def Info: figuras/unsl.png used on input line 399.
(pdftex.def)             Requested size: 22.76228pt x 28.57912pt.


Package Fancyhdr Warning: \headheight is too small (12.0pt): 
 Make it at least 32.92915pt.
 We now make it that large for the rest of the document.
 This may cause the page layout to be inconsistent, however.

[15 <./figuras/instalacion12.png> <./figuras/instalacion13.png> <./figuras/inst
alacion14.png>]
Underfull \hbox (badness 10000) in paragraph at lines 403--405

 []


Underfull \hbox (badness 10000) in paragraph at lines 406--409

 []

File: figuras/unsl.png Graphic file (type png)
<use figuras/unsl.png>
Package pdftex.def Info: figuras/unsl.png used on input line 420.
(pdftex.def)             Requested size: 22.76228pt x 28.57912pt.


Package Fancyhdr Warning: \headheight is too small (12.0pt): 
 Make it at least 32.92915pt.
 We now make it that large for the rest of the document.
 This may cause the page layout to be inconsistent, however.

[16 <./figuras/instalacion15.png>]
<figuras/primer_proy18.png, id=99, 455.45157pt x 224.33812pt>
File: figuras/primer_proy18.png Graphic file (type png)

<use figuras/primer_proy18.png>
Package pdftex.def Info: figuras/primer_proy18.png used on input line 430.
(pdftex.def)             Requested size: 341.43306pt x 168.18129pt.

Overfull \hbox (4.118pt too wide) in paragraph at lines 443--444
[]\OT1/cmr/m/n/12 Tipos de da-tos: Boo-lea-nos (\OT1/cmr/m/it/12 bool$[]$t\OT1/
cmr/m/n/12 ), en-te-ros sin signo(\OT1/cmr/m/it/12 uint8$[]$t, uint16$[]$t, uin
t32$[]$t, uint64$[]$t\OT1/cmr/m/n/12 ),
 []

File: figuras/unsl.png Graphic file (type png)
<use figuras/unsl.png>
Package pdftex.def Info: figuras/unsl.png used on input line 448.
(pdftex.def)             Requested size: 22.76228pt x 28.57912pt.


Package Fancyhdr Warning: \headheight is too small (12.0pt): 
 Make it at least 32.92915pt.
 We now make it that large for the rest of the document.
 This may cause the page layout to be inconsistent, however.

[17 <./figuras/primer_proy18.png>]
Underfull \hbox (badness 10000) in paragraph at lines 454--456

 []


Underfull \hbox (badness 10000) in paragraph at lines 457--459

 []


Underfull \hbox (badness 10000) in paragraph at lines 460--462

 []


Underfull \hbox (badness 10000) in paragraph at lines 463--465

 []


Underfull \hbox (badness 10000) in paragraph at lines 466--468

 []

<figuras/f1.png, id=103, 444.91219pt x 304.13625pt>
File: figuras/f1.png Graphic file (type png)
 <use figuras/f1.png>
Package pdftex.def Info: figuras/f1.png used on input line 472.
(pdftex.def)             Requested size: 227.62204pt x 155.59935pt.
File: figuras/unsl.png Graphic file (type png)

<use figuras/unsl.png>
Package pdftex.def Info: figuras/unsl.png used on input line 480.
(pdftex.def)             Requested size: 22.76228pt x 28.57912pt.


Package Fancyhdr Warning: \headheight is too small (12.0pt): 
 Make it at least 32.92915pt.
 We now make it that large for the rest of the document.
 This may cause the page layout to be inconsistent, however.

[18 <./figuras/f1.png>]
Underfull \hbox (badness 10000) in paragraph at lines 481--483

 []

<figuras/f27.png, id=107, 405.01312pt x 325.96782pt>
File: figuras/f27.png Graphic file (type png)
 <use figuras/f27.png>
Package pdftex.def Info: figuras/f27.png used on input line 487.
(pdftex.def)             Requested size: 227.62204pt x 183.20224pt.

<figuras/f28.png, id=108, 408.77719pt x 327.47343pt>
File: figuras/f28.png Graphic file (type png)
 <use figuras/f28.png>
Package pdftex.def Info: figuras/f28.png used on input line 497.
(pdftex.def)             Requested size: 227.62204pt x 182.34953pt.


LaTeX Warning: `!h' float specifier changed to `!ht'.

<figuras/f2.png, id=109, 448.67625pt x 57.21375pt>
File: figuras/f2.png Graphic file (type png)
 <use figuras/f2.png>
Package pdftex.def Info: figuras/f2.png used on input line 505.
(pdftex.def)             Requested size: 426.79134pt x 54.42519pt.


LaTeX Warning: `!h' float specifier changed to `!ht'.

File: figuras/unsl.png Graphic file (type png)
<use figuras/unsl.png>
Package pdftex.def Info: figuras/unsl.png used on input line 512.
(pdftex.def)             Requested size: 22.76228pt x 28.57912pt.


Package Fancyhdr Warning: \headheight is too small (12.0pt): 
 Make it at least 32.92915pt.
 We now make it that large for the rest of the document.
 This may cause the page layout to be inconsistent, however.

[19 <./figuras/f27.png>]
Underfull \hbox (badness 10000) in paragraph at lines 522--524

 []

File: figuras/unsl.png Graphic file (type png)
<use figuras/unsl.png>
Package pdftex.def Info: figuras/unsl.png used on input line 524.
(pdftex.def)             Requested size: 22.76228pt x 28.57912pt.


Package Fancyhdr Warning: \headheight is too small (12.0pt): 
 Make it at least 32.92915pt.
 We now make it that large for the rest of the document.
 This may cause the page layout to be inconsistent, however.

[20 <./figuras/f28.png> <./figuras/f2.png>]
<figuras/f4.png, id=117, 496.10344pt x 295.85532pt>
File: figuras/f4.png Graphic file (type png)
 <use figuras/f4.png>
Package pdftex.def Info: figuras/f4.png used on input line 562.
(pdftex.def)             Requested size: 199.16928pt x 118.77791pt.


LaTeX Warning: `!h' float specifier changed to `!ht'.

File: figuras/unsl.png Graphic file (type png)
<use figuras/unsl.png>
Package pdftex.def Info: figuras/unsl.png used on input line 570.
(pdftex.def)             Requested size: 22.76228pt x 28.57912pt.


Package Fancyhdr Warning: \headheight is too small (12.0pt): 
 Make it at least 32.92915pt.
 We now make it that large for the rest of the document.
 This may cause the page layout to be inconsistent, however.

[21]
Underfull \hbox (badness 10000) in paragraph at lines 577--579

 []


Underfull \hbox (badness 10000) in paragraph at lines 580--582

 []


Underfull \hbox (badness 10000) in paragraph at lines 583--585

 []

<figuras/f5.png, id=122, 758.08218pt x 373.395pt>
File: figuras/f5.png Graphic file (type png)
 <use figuras/f5.png>
Package pdftex.def Info: figuras/f5.png used on input line 591.
(pdftex.def)             Requested size: 284.52756pt x 140.14243pt.


LaTeX Warning: `!h' float specifier changed to `!ht'.

File: figuras/unsl.png Graphic file (type png)
<use figuras/unsl.png>
Package pdftex.def Info: figuras/unsl.png used on input line 603.
(pdftex.def)             Requested size: 22.76228pt x 28.57912pt.


Package Fancyhdr Warning: \headheight is too small (12.0pt): 
 Make it at least 32.92915pt.
 We now make it that large for the rest of the document.
 This may cause the page layout to be inconsistent, however.

[22 <./figuras/f4.png>] <figuras/f9.png, id=126, 405.76593pt x 227.34938pt>
File: figuras/f9.png Graphic file (type png)

<use figuras/f9.png>
Package pdftex.def Info: figuras/f9.png used on input line 624.
(pdftex.def)             Requested size: 170.71652pt x 95.65259pt.
File: figuras/unsl.png Graphic file (type png)
 <use figuras/unsl.png>
Package pdftex.def Info: figuras/unsl.png used on input line 632.
(pdftex.def)             Requested size: 22.76228pt x 28.57912pt.


Package Fancyhdr Warning: \headheight is too small (12.0pt): 
 Make it at least 32.92915pt.
 We now make it that large for the rest of the document.
 This may cause the page layout to be inconsistent, however.

[23 <./figuras/f5.png> <./figuras/f9.png>]
Overfull \hbox (22.86914pt too wide) in paragraph at lines 635--635
[]\OT1/cmr/bx/n/14.4 Implementacion de ejem-plo N$[]$4: Con-ver-sor Di-gi-tal/A
nalogi-co (DAC) 
 []


Underfull \hbox (badness 10000) in paragraph at lines 638--640

 []


Underfull \hbox (badness 10000) in paragraph at lines 641--643

 []


Underfull \hbox (badness 10000) in paragraph at lines 644--646

 []

<figuras/f6.png, id=130, 342.5297pt x 362.85562pt>
File: figuras/f6.png Graphic file (type png)
 <use figuras/f6.png>
Package pdftex.def Info: figuras/f6.png used on input line 651.
(pdftex.def)             Requested size: 170.71652pt x 180.85155pt.

Underfull \hbox (badness 10000) in paragraph at lines 656--658

 []

File: figuras/unsl.png Graphic file (type png)
<use figuras/unsl.png>
Package pdftex.def Info: figuras/unsl.png used on input line 662.
(pdftex.def)             Requested size: 22.76228pt x 28.57912pt.


Package Fancyhdr Warning: \headheight is too small (12.0pt): 
 Make it at least 32.92915pt.
 We now make it that large for the rest of the document.
 This may cause the page layout to be inconsistent, however.

[24 <./figuras/f6.png>] <figuras/f7.png, id=134, 632.3625pt x 385.44pt>
File: figuras/f7.png Graphic file (type png)

<use figuras/f7.png>
Package pdftex.def Info: figuras/f7.png used on input line 695.
(pdftex.def)             Requested size: 284.52756pt x 173.42874pt.


LaTeX Warning: `!h' float specifier changed to `!ht'.

File: figuras/unsl.png Graphic file (type png)
<use figuras/unsl.png>
Package pdftex.def Info: figuras/unsl.png used on input line 711.
(pdftex.def)             Requested size: 22.76228pt x 28.57912pt.


Package Fancyhdr Warning: \headheight is too small (12.0pt): 
 Make it at least 32.92915pt.
 We now make it that large for the rest of the document.
 This may cause the page layout to be inconsistent, however.

[25] <figuras/f8.png, id=139, 544.28343pt x 244.66406pt>
File: figuras/f8.png Graphic file (type png)
 <use figuras/f8.png>
Package pdftex.def Info: figuras/f8.png used on input line 715.
(pdftex.def)             Requested size: 227.62204pt x 102.31767pt.

Underfull \hbox (badness 10000) in paragraph at lines 721--723

 []

File: figuras/unsl.png Graphic file (type png)
<use figuras/unsl.png>
Package pdftex.def Info: figuras/unsl.png used on input line 732.
(pdftex.def)             Requested size: 22.76228pt x 28.57912pt.


Package Fancyhdr Warning: \headheight is too small (12.0pt): 
 Make it at least 32.92915pt.
 We now make it that large for the rest of the document.
 This may cause the page layout to be inconsistent, however.

[26 <./figuras/f7.png> <./figuras/f8.png>]
<figuras/f10.png, id=143, 386.94562pt x 267.24844pt>
File: figuras/f10.png Graphic file (type png)
 <use figuras/f10.png>
Package pdftex.def Info: figuras/f10.png used on input line 758.
(pdftex.def)             Requested size: 170.71652pt x 117.90775pt.

Underfull \hbox (badness 10000) in paragraph at lines 774--776

 []

File: figuras/unsl.png Graphic file (type png)
<use figuras/unsl.png>
Package pdftex.def Info: figuras/unsl.png used on input line 776.
(pdftex.def)             Requested size: 22.76228pt x 28.57912pt.


Package Fancyhdr Warning: \headheight is too small (12.0pt): 
 Make it at least 32.92915pt.
 We now make it that large for the rest of the document.
 This may cause the page layout to be inconsistent, however.

[27 <./figuras/f10.png>]
Underfull \hbox (badness 10000) in paragraph at lines 777--779

 []


Underfull \hbox (badness 10000) in paragraph at lines 780--782

 []


Underfull \hbox (badness 10000) in paragraph at lines 783--785

 []

<figuras/f11.png, id=147, 601.4972pt x 452.4403pt>
File: figuras/f11.png Graphic file (type png)
 <use figuras/f11.png>
Package pdftex.def Info: figuras/f11.png used on input line 806.
(pdftex.def)             Requested size: 170.71652pt x 128.40834pt.
File: figuras/unsl.png Graphic file (type png)

<use figuras/unsl.png>
Package pdftex.def Info: figuras/unsl.png used on input line 810.
(pdftex.def)             Requested size: 22.76228pt x 28.57912pt.


Package Fancyhdr Warning: \headheight is too small (12.0pt): 
 Make it at least 32.92915pt.
 We now make it that large for the rest of the document.
 This may cause the page layout to be inconsistent, however.

[28] <figuras/f12.png, id=151, 219.06844pt x 85.82062pt>
File: figuras/f12.png Graphic file (type png)
 <use figuras/f12.png>
Package pdftex.def Info: figuras/f12.png used on input line 817.
(pdftex.def)             Requested size: 113.81102pt x 44.58636pt.
File: figuras/unsl.png Graphic file (type png)

<use figuras/unsl.png>
Package pdftex.def Info: figuras/unsl.png used on input line 834.
(pdftex.def)             Requested size: 22.76228pt x 28.57912pt.


Package Fancyhdr Warning: \headheight is too small (12.0pt): 
 Make it at least 32.92915pt.
 We now make it that large for the rest of the document.
 This may cause the page layout to be inconsistent, however.

[29 <./figuras/f11.png> <./figuras/f12.png>]
<figuras/f13.png, id=155, 575.14874pt x 358.33875pt>
File: figuras/f13.png Graphic file (type png)
 <use figuras/f13.png>
Package pdftex.def Info: figuras/f13.png used on input line 853.
(pdftex.def)             Requested size: 227.62204pt x 141.81837pt.
File: figuras/unsl.png Graphic file (type png)

<use figuras/unsl.png>
Package pdftex.def Info: figuras/unsl.png used on input line 876.
(pdftex.def)             Requested size: 22.76228pt x 28.57912pt.


Package Fancyhdr Warning: \headheight is too small (12.0pt): 
 Make it at least 32.92915pt.
 We now make it that large for the rest of the document.
 This may cause the page layout to be inconsistent, however.

[30 <./figuras/f13.png>]
File: figuras/unsl.png Graphic file (type png)
 <use figuras/unsl.png>
Package pdftex.def Info: figuras/unsl.png used on input line 903.
(pdftex.def)             Requested size: 22.76228pt x 28.57912pt.


Package Fancyhdr Warning: \headheight is too small (12.0pt): 
 Make it at least 32.92915pt.
 We now make it that large for the rest of the document.
 This may cause the page layout to be inconsistent, however.

[31] <figuras/f14.png, id=163, 430.60875pt x 227.34938pt>
File: figuras/f14.png Graphic file (type png)

<use figuras/f14.png>
Package pdftex.def Info: figuras/f14.png used on input line 912.
(pdftex.def)             Requested size: 227.62204pt x 120.17891pt.

Overfull \hbox (11.65619pt too wide) in paragraph at lines 923--933
 [] 
 []

File: figuras/unsl.png Graphic file (type png)
<use figuras/unsl.png>
Package pdftex.def Info: figuras/unsl.png used on input line 944.
(pdftex.def)             Requested size: 22.76228pt x 28.57912pt.


Package Fancyhdr Warning: \headheight is too small (12.0pt): 
 Make it at least 32.92915pt.
 We now make it that large for the rest of the document.
 This may cause the page layout to be inconsistent, however.

[32 <./figuras/f14.png>] <figuras/f15.png, id=168, 452.4403pt x 291.33844pt>
File: figuras/f15.png Graphic file (type png)

<use figuras/f15.png>
Package pdftex.def Info: figuras/f15.png used on input line 951.
(pdftex.def)             Requested size: 227.62204pt x 146.57129pt.

Overfull \hbox (11.67137pt too wide) in paragraph at lines 960--972
 [] 
 []

File: figuras/unsl.png Graphic file (type png)
<use figuras/unsl.png>
Package pdftex.def Info: figuras/unsl.png used on input line 991.
(pdftex.def)             Requested size: 22.76228pt x 28.57912pt.


Package Fancyhdr Warning: \headheight is too small (12.0pt): 
 Make it at least 32.92915pt.
 We now make it that large for the rest of the document.
 This may cause the page layout to be inconsistent, however.

[33 <./figuras/f15.png>]
File: figuras/unsl.png Graphic file (type png)
 <use figuras/unsl.png>
Package pdftex.def Info: figuras/unsl.png used on input line 1024.
(pdftex.def)             Requested size: 22.76228pt x 28.57912pt.


Package Fancyhdr Warning: \headheight is too small (12.0pt): 
 Make it at least 32.92915pt.
 We now make it that large for the rest of the document.
 This may cause the page layout to be inconsistent, however.

[34]
File: figuras/unsl.png Graphic file (type png)
 <use figuras/unsl.png>
Package pdftex.def Info: figuras/unsl.png used on input line 1053.
(pdftex.def)             Requested size: 22.76228pt x 28.57912pt.


Package Fancyhdr Warning: \headheight is too small (12.0pt): 
 Make it at least 32.92915pt.
 We now make it that large for the rest of the document.
 This may cause the page layout to be inconsistent, however.

[35] <figuras/f17.png, id=178, 381.67593pt x 297.36093pt>
File: figuras/f17.png Graphic file (type png)

<use figuras/f17.png>
Package pdftex.def Info: figuras/f17.png used on input line 1057.
(pdftex.def)             Requested size: 227.62204pt x 177.33804pt.
 <figuras/f24.png, id=179, 980.91469pt x 306.39468pt>
File: figuras/f24.png Graphic file (type png)

<use figuras/f24.png>
Package pdftex.def Info: figuras/f24.png used on input line 1071.
(pdftex.def)             Requested size: 512.1496pt x 159.976pt.

Overfull \hbox (11.6656pt too wide) in paragraph at lines 1071--1072
 [][] 
 []


LaTeX Warning: `!h' float specifier changed to `!ht'.

<figuras/f25.png, id=180, 298.11375pt x 46.67438pt>
File: figuras/f25.png Graphic file (type png)
 <use figuras/f25.png>
Package pdftex.def Info: figuras/f25.png used on input line 1083.
(pdftex.def)             Requested size: 341.43306pt x 53.46pt.


LaTeX Warning: `!h' float specifier changed to `!ht'.

File: figuras/unsl.png Graphic file (type png)
<use figuras/unsl.png>
Package pdftex.def Info: figuras/unsl.png used on input line 1092.
(pdftex.def)             Requested size: 22.76228pt x 28.57912pt.


Package Fancyhdr Warning: \headheight is too small (12.0pt): 
 Make it at least 32.92915pt.
 We now make it that large for the rest of the document.
 This may cause the page layout to be inconsistent, however.

[36 <./figuras/f17.png>]
File: figuras/f27.png Graphic file (type png)
 <use figuras/f27.png>
Package pdftex.def Info: figuras/f27.png used on input line 1097.
(pdftex.def)             Requested size: 227.62204pt x 183.20224pt.
File: figuras/unsl.png Graphic file (type png)
 <use figuras/unsl.png>
Package pdftex.def Info: figuras/unsl.png used on input line 1101.
(pdftex.def)             Requested size: 22.76228pt x 28.57912pt.


Package Fancyhdr Warning: \headheight is too small (12.0pt): 
 Make it at least 32.92915pt.
 We now make it that large for the rest of the document.
 This may cause the page layout to be inconsistent, however.

[37 <./figuras/f24.png> <./figuras/f25.png>]
File: figuras/f28.png Graphic file (type png)
 <use figuras/f28.png>
Package pdftex.def Info: figuras/f28.png used on input line 1105.
(pdftex.def)             Requested size: 227.62204pt x 182.34953pt.
File: figuras/unsl.png Graphic file (type png)

<use figuras/unsl.png>
Package pdftex.def Info: figuras/unsl.png used on input line 1116.
(pdftex.def)             Requested size: 22.76228pt x 28.57912pt.


Package Fancyhdr Warning: \headheight is too small (12.0pt): 
 Make it at least 32.92915pt.
 We now make it that large for the rest of the document.
 This may cause the page layout to be inconsistent, however.

[38] <figuras/f29.png, id=192, 450.9347pt x 94.10156pt>
File: figuras/f29.png Graphic file (type png)
 <use figuras/f29.png>
Package pdftex.def Info: figuras/f29.png used on input line 1124.
(pdftex.def)             Requested size: 227.62204pt x 47.50151pt.

<figuras/f30.png, id=193, 346.29375pt x 82.05656pt>
File: figuras/f30.png Graphic file (type png)
 <use figuras/f30.png>
Package pdftex.def Info: figuras/f30.png used on input line 1132.
(pdftex.def)             Requested size: 227.62204pt x 53.93712pt.

<figuras/f31.png, id=194, 452.4403pt x 205.5178pt>
File: figuras/f31.png Graphic file (type png)
 <use figuras/f31.png>
Package pdftex.def Info: figuras/f31.png used on input line 1138.
(pdftex.def)             Requested size: 256.0748pt x 116.31847pt.

<figuras/f32.png, id=195, 193.47281pt x 70.76437pt>
File: figuras/f32.png Graphic file (type png)
 <use figuras/f32.png>
Package pdftex.def Info: figuras/f32.png used on input line 1147.
(pdftex.def)             Requested size: 170.71652pt x 62.44127pt.
File: figuras/unsl.png Graphic file (type png)

<use figuras/unsl.png>
Package pdftex.def Info: figuras/unsl.png used on input line 1151.
(pdftex.def)             Requested size: 22.76228pt x 28.57912pt.


Package Fancyhdr Warning: \headheight is too small (12.0pt): 
 Make it at least 32.92915pt.
 We now make it that large for the rest of the document.
 This may cause the page layout to be inconsistent, however.

[39 <./figuras/f29.png> <./figuras/f30.png> <./figuras/f31.png>]
Underfull \hbox (badness 10000) in paragraph at lines 1151--1152

 []

<figuras/f18.png, id=199, 71.51718pt x 31.61812pt>
File: figuras/f18.png Graphic file (type png)
 <use figuras/f18.png>
Package pdftex.def Info: figuras/f18.png used on input line 1156.
(pdftex.def)             Requested size: 142.26378pt x 62.8964pt.

<figuras/f19.png, id=200, 124.21407pt x 53.44969pt>
File: figuras/f19.png Graphic file (type png)
 <use figuras/f19.png>
Package pdftex.def Info: figuras/f19.png used on input line 1163.
(pdftex.def)             Requested size: 142.26378pt x 61.22115pt.
File: figuras/unsl.png Graphic file (type png)

<use figuras/unsl.png>
Package pdftex.def Info: figuras/unsl.png used on input line 1176.
(pdftex.def)             Requested size: 22.76228pt x 28.57912pt.


Package Fancyhdr Warning: \headheight is too small (12.0pt): 
 Make it at least 32.92915pt.
 We now make it that large for the rest of the document.
 This may cause the page layout to be inconsistent, however.

[40 <./figuras/f32.png> <./figuras/f18.png> <./figuras/f19.png>]
<figuras/f20.png, id=204, 229.60782pt x 118.19156pt>
File: figuras/f20.png Graphic file (type png)
 <use figuras/f20.png>
Package pdftex.def Info: figuras/f20.png used on input line 1189.
(pdftex.def)             Requested size: 341.43306pt x 175.76297pt.

<figuras/f21.png, id=205, 621.82312pt x 435.87843pt>
File: figuras/f21.png Graphic file (type png)
 <use figuras/f21.png>
Package pdftex.def Info: figuras/f21.png used on input line 1197.
(pdftex.def)             Requested size: 483.69684pt x 339.05933pt.
File: figuras/unsl.png Graphic file (type png)

<use figuras/unsl.png>
Package pdftex.def Info: figuras/unsl.png used on input line 1200.
(pdftex.def)             Requested size: 22.76228pt x 28.57912pt.


Package Fancyhdr Warning: \headheight is too small (12.0pt): 
 Make it at least 32.92915pt.
 We now make it that large for the rest of the document.
 This may cause the page layout to be inconsistent, however.

[41 <./figuras/f20.png>] <figuras/f22.png, id=209, 270.25969pt x 139.27031pt>
File: figuras/f22.png Graphic file (type png)

<use figuras/f22.png>
Package pdftex.def Info: figuras/f22.png used on input line 1207.
(pdftex.def)             Requested size: 227.62204pt x 117.30077pt.
File: figuras/unsl.png Graphic file (type png)
 <use figuras/unsl.png>
Package pdftex.def Info: figuras/unsl.png used on input line 1211.
(pdftex.def)             Requested size: 22.76228pt x 28.57912pt.


Package Fancyhdr Warning: \headheight is too small (12.0pt): 
 Make it at least 32.92915pt.
 We now make it that large for the rest of the document.
 This may cause the page layout to be inconsistent, however.

[42 <./figuras/f21.png>] <figuras/f23.png, id=214, 223.58531pt x 438.8897pt>
File: figuras/f23.png Graphic file (type png)

<use figuras/f23.png>
Package pdftex.def Info: figuras/f23.png used on input line 1225.
(pdftex.def)             Requested size: 142.26378pt x 279.2611pt.
File: figuras/unsl.png Graphic file (type png)
 <use figuras/unsl.png>
Package pdftex.def Info: figuras/unsl.png used on input line 1230.
(pdftex.def)             Requested size: 22.76228pt x 28.57912pt.


Package Fancyhdr Warning: \headheight is too small (12.0pt): 
 Make it at least 32.92915pt.
 We now make it that large for the rest of the document.
 This may cause the page layout to be inconsistent, however.

[43 <./figuras/f22.png> <./figuras/f23.png>]
<figuras/f41.png, id=221, 428.35031pt x 53.44969pt>
File: figuras/f41.png Graphic file (type png)
 <use figuras/f41.png>
Package pdftex.def Info: figuras/f41.png used on input line 1238.
(pdftex.def)             Requested size: 284.52756pt x 35.50362pt.

<figuras/f26.png, id=222, 331.2375pt x 217.5628pt>
File: figuras/f26.png Graphic file (type png)
 <use figuras/f26.png>
Package pdftex.def Info: figuras/f26.png used on input line 1245.
(pdftex.def)             Requested size: 256.0748pt x 168.2011pt.

<figuras/f42.png, id=223, 428.35031pt x 118.19156pt>
File: figuras/f42.png Graphic file (type png)
 <use figuras/f42.png>
Package pdftex.def Info: figuras/f42.png used on input line 1252.
(pdftex.def)             Requested size: 227.62204pt x 62.80533pt.


LaTeX Warning: `!h' float specifier changed to `!ht'.

File: figuras/unsl.png Graphic file (type png)
<use figuras/unsl.png>
Package pdftex.def Info: figuras/unsl.png used on input line 1259.
(pdftex.def)             Requested size: 22.76228pt x 28.57912pt.


Package Fancyhdr Warning: \headheight is too small (12.0pt): 
 Make it at least 32.92915pt.
 We now make it that large for the rest of the document.
 This may cause the page layout to be inconsistent, however.

[44 <./figuras/f41.png> <./figuras/f26.png>]
File: figuras/unsl.png Graphic file (type png)
 <use figuras/unsl.png>
Package pdftex.def Info: figuras/unsl.png used on input line 1282.
(pdftex.def)             Requested size: 22.76228pt x 28.57912pt.


Package Fancyhdr Warning: \headheight is too small (12.0pt): 
 Make it at least 32.92915pt.
 We now make it that large for the rest of the document.
 This may cause the page layout to be inconsistent, however.

[45 <./figuras/f42.png>] <figuras/f33.png, id=230, 584.1825pt x 214.55156pt>
File: figuras/f33.png Graphic file (type png)

<use figuras/f33.png>
Package pdftex.def Info: figuras/f33.png used on input line 1286.
(pdftex.def)             Requested size: 284.52756pt x 104.49933pt.
 <figuras/f36.png, id=231, 696.35156pt x 360.59718pt>
File: figuras/f36.png Graphic file (type png)

<use figuras/f36.png>
Package pdftex.def Info: figuras/f36.png used on input line 1297.
(pdftex.def)             Requested size: 426.79134pt x 221.00938pt.
File: figuras/unsl.png Graphic file (type png)
 <use figuras/unsl.png>
Package pdftex.def Info: figuras/unsl.png used on input line 1304.
(pdftex.def)             Requested size: 22.76228pt x 28.57912pt.


Package Fancyhdr Warning: \headheight is too small (12.0pt): 
 Make it at least 32.92915pt.
 We now make it that large for the rest of the document.
 This may cause the page layout to be inconsistent, however.

[46 <./figuras/f33.png> <./figuras/f36.png>]
<figuras/f34.png, id=235, 120.45pt x 59.47218pt>
File: figuras/f34.png Graphic file (type png)
 <use figuras/f34.png>
Package pdftex.def Info: figuras/f34.png used on input line 1327.
(pdftex.def)             Requested size: 142.26378pt x 70.24915pt.
File: figuras/unsl.png Graphic file (type png)

<use figuras/unsl.png>
Package pdftex.def Info: figuras/unsl.png used on input line 1333.
(pdftex.def)             Requested size: 22.76228pt x 28.57912pt.


Package Fancyhdr Warning: \headheight is too small (12.0pt): 
 Make it at least 32.92915pt.
 We now make it that large for the rest of the document.
 This may cause the page layout to be inconsistent, however.

[47 <./figuras/f34.png>] <figuras/f37.png, id=239, 754.31813pt x 365.11406pt>
File: figuras/f37.png Graphic file (type png)

<use figuras/f37.png>
Package pdftex.def Info: figuras/f37.png used on input line 1342.
(pdftex.def)             Requested size: 341.43306pt x 165.26361pt.
 <figuras/f35.png, id=240, 115.93312pt x 59.47218pt>
File: figuras/f35.png Graphic file (type png)

<use figuras/f35.png>
Package pdftex.def Info: figuras/f35.png used on input line 1357.
(pdftex.def)             Requested size: 142.26378pt x 72.98608pt.


LaTeX Warning: `!h' float specifier changed to `!ht'.

File: figuras/unsl.png Graphic file (type png)
<use figuras/unsl.png>
Package pdftex.def Info: figuras/unsl.png used on input line 1362.
(pdftex.def)             Requested size: 22.76228pt x 28.57912pt.


Package Fancyhdr Warning: \headheight is too small (12.0pt): 
 Make it at least 32.92915pt.
 We now make it that large for the rest of the document.
 This may cause the page layout to be inconsistent, however.

[48 <./figuras/f37.png>] <figuras/f38.png, id=245, 645.91313pt x 431.36156pt>
File: figuras/f38.png Graphic file (type png)

<use figuras/f38.png>
Package pdftex.def Info: figuras/f38.png used on input line 1367.
(pdftex.def)             Requested size: 426.79134pt x 285.02202pt.
File: figuras/unsl.png Graphic file (type png)
 <use figuras/unsl.png>
Package pdftex.def Info: figuras/unsl.png used on input line 1374.
(pdftex.def)             Requested size: 22.76228pt x 28.57912pt.


Package Fancyhdr Warning: \headheight is too small (12.0pt): 
 Make it at least 32.92915pt.
 We now make it that large for the rest of the document.
 This may cause the page layout to be inconsistent, however.

[49 <./figuras/f35.png> <./figuras/f38.png>]
<figuras/f39.png, id=250, 672.26157pt x 405.01312pt>
File: figuras/f39.png Graphic file (type png)
 <use figuras/f39.png>
Package pdftex.def Info: figuras/f39.png used on input line 1383.
(pdftex.def)             Requested size: 426.79134pt x 257.12485pt.
File: figuras/unsl.png Graphic file (type png)

<use figuras/unsl.png>
Package pdftex.def Info: figuras/unsl.png used on input line 1392.
(pdftex.def)             Requested size: 22.76228pt x 28.57912pt.


Package Fancyhdr Warning: \headheight is too small (12.0pt): 
 Make it at least 32.92915pt.
 We now make it that large for the rest of the document.
 This may cause the page layout to be inconsistent, however.

[50 <./figuras/f39.png>] <figuras/f40.png, id=254, 277.035pt x 24.09pt>
File: figuras/f40.png Graphic file (type png)

<use figuras/f40.png>
Package pdftex.def Info: figuras/f40.png used on input line 1402.
(pdftex.def)             Requested size: 227.62204pt x 19.79323pt.

Overfull \hbox (17.2392pt too wide) in paragraph at lines 1425--1426
[]\OT1/cmr/m/n/10 http://proyecto-ciaa.com.ar/devwiki/doku.php?id=docu:fw:bm:es
tructura$&$s[]=estructura$&$s[]=de$&$s[]=directorios
 []

File: figuras/unsl.png Graphic file (type png)
<use figuras/unsl.png>
Package pdftex.def Info: figuras/unsl.png used on input line 1426.
(pdftex.def)             Requested size: 22.76228pt x 28.57912pt.


Package Fancyhdr Warning: \headheight is too small (12.0pt): 
 Make it at least 32.92915pt.
 We now make it that large for the rest of the document.
 This may cause the page layout to be inconsistent, however.

[51 <./figuras/f40.png>]
Underfull \hbox (badness 10000) in paragraph at lines 1440--1442
[]\OT1/cmr/m/it/12 Introduccion a RTOS \OT1/cmr/m/n/12 por Ale-jan-dro Ce-lery.
 SA-SE 2011.
 []


Underfull \hbox (badness 10000) in paragraph at lines 1451--1452
[]\OT1/cmr/m/n/10 https://groups.google.com/forum/$#$!searchin/ciaa-firmware/bo
olean$ $%7Csort:relevance/ciaa-
 []

File: figuras/unsl.png Graphic file (type png)
<use figuras/unsl.png>
Package pdftex.def Info: figuras/unsl.png used on input line 1458.
(pdftex.def)             Requested size: 22.76228pt x 28.57912pt.


Package Fancyhdr Warning: \headheight is too small (12.0pt): 
 Make it at least 32.92915pt.
 We now make it that large for the rest of the document.
 This may cause the page layout to be inconsistent, however.

[52] (BOCETO3.aux
LaTeX Info: Redefining \. on input line 6.
LaTeX Info: Redefining \% on input line 6.
) ) 
Here is how much of TeX's memory you used:
 5663 strings out of 493634
 77728 string characters out of 3136463
 155648 words of memory out of 3000000
 8880 multiletter control sequences out of 15000+200000
 18388 words of font info for 68 fonts, out of 3000000 for 9000
 1025 hyphenation exceptions out of 8191
 37i,18n,43p,816b,527s stack positions out of 5000i,500n,10000p,200000b,50000s
<C:/Users/hp/AppData/Local/Programs/MiKTeX 2.9/fonts/type1/public/amsfonts/c
m/cmbx12.pfb><C:/Users/hp/AppData/Local/Programs/MiKTeX 2.9/fonts/type1/public/
amsfonts/cm/cmbxti10.pfb><C:/Users/hp/AppData/Local/Programs/MiKTeX 2.9/fonts/t
ype1/public/amsfonts/cm/cmmi12.pfb><C:/Users/hp/AppData/Local/Programs/MiKTeX 2
.9/fonts/type1/public/amsfonts/cm/cmmi8.pfb><C:/Users/hp/AppData/Local/Programs
/MiKTeX 2.9/fonts/type1/public/amsfonts/cm/cmr10.pfb><C:/Users/hp/AppData/Local
/Programs/MiKTeX 2.9/fonts/type1/public/amsfonts/cm/cmr12.pfb><C:/Users/hp/AppD
ata/Local/Programs/MiKTeX 2.9/fonts/type1/public/amsfonts/cm/cmr17.pfb><C:/User
s/hp/AppData/Local/Programs/MiKTeX 2.9/fonts/type1/public/amsfonts/cm/cmr6.pfb>
<C:/Users/hp/AppData/Local/Programs/MiKTeX 2.9/fonts/type1/public/amsfonts/cm/c
mr8.pfb><C:/Users/hp/AppData/Local/Programs/MiKTeX 2.9/fonts/type1/public/amsfo
nts/cm/cmsy10.pfb><C:/Users/hp/AppData/Local/Programs/MiKTeX 2.9/fonts/type1/pu
blic/amsfonts/cm/cmsy8.pfb><C:/Users/hp/AppData/Local/Programs/MiKTeX 2.9/fonts
/type1/public/amsfonts/cm/cmti10.pfb><C:/Users/hp/AppData/Local/Programs/MiKTeX
 2.9/fonts/type1/public/amsfonts/cm/cmti12.pfb><C:/Users/hp/AppData/Local/Progr
ams/MiKTeX 2.9/fonts/type1/public/amsfonts/cm/cmti7.pfb>
Output written on BOCETO3.pdf (52 pages, 4299061 bytes).
PDF statistics:
 309 PDF objects out of 1000 (max. 8388607)
 0 named destinations out of 1000 (max. 500000)
 331 words of extra memory for PDF output out of 10000 (max. 10000000)

